17:57:03 **** Incremental Build of configuration Debug for project Manipulator ****
Info: Internal Builder is used for build
arm-atollic-eabi-gcc -c -mthumb -mcpu=cortex-m0 -std=gnu11 -D__weak=__attribute__((weak)) -D__packed=__attribute__((__packed__)) -DUSE_HAL_DRIVER -DSTM32F051x8 -I../Inc -I../Drivers/STM32F0xx_HAL_Driver/Inc -I../Drivers/STM32F0xx_HAL_Driver/Inc/Legacy -I../Drivers/CMSIS/Device/ST/STM32F0xx/Include -I../Drivers/CMSIS/Include -O0 -ffunction-sections -fdata-sections -g -fstack-usage -Wall -specs=nano.specs -o Src\usart.o ..\Src\usart.c 
In file included from ..\Src\usart.c:21:0:
../Inc/usart.h:33:8: error: unknown type name 'UART_HandleTypeDef'
 extern UART_HandleTypeDef huart1;
        ^~~~~~~~~~~~~~~~~~
..\Src\usart.c:27:1: error: unknown type name 'UART_HandleTypeDef'
 UART_HandleTypeDef huart1;
 ^~~~~~~~~~~~~~~~~~
..\Src\usart.c: In function 'MX_USART1_UART_Init':
..\Src\usart.c:34:9: error: request for member 'Instance' in something not a structure or union
   huart1.Instance = USART1;
         ^
..\Src\usart.c:35:9: error: request for member 'Init' in something not a structure or union
   huart1.Init.BaudRate = 9600;
         ^
..\Src\usart.c:36:9: error: request for member 'Init' in something not a structure or union
   huart1.Init.WordLength = UART_WORDLENGTH_8B;
         ^
..\Src\usart.c:36:28: error: 'UART_WORDLENGTH_8B' undeclared (first use in this function)
   huart1.Init.WordLength = UART_WORDLENGTH_8B;
                            ^~~~~~~~~~~~~~~~~~
..\Src\usart.c:36:28: note: each undeclared identifier is reported only once for each function it appears in
..\Src\usart.c:37:9: error: request for member 'Init' in something not a structure or union
   huart1.Init.StopBits = UART_STOPBITS_1;
         ^
..\Src\usart.c:37:26: error: 'UART_STOPBITS_1' undeclared (first use in this function)
   huart1.Init.StopBits = UART_STOPBITS_1;
                          ^~~~~~~~~~~~~~~
..\Src\usart.c:38:9: error: request for member 'Init' in something not a structure or union
   huart1.Init.Parity = UART_PARITY_NONE;
         ^
..\Src\usart.c:38:24: error: 'UART_PARITY_NONE' undeclared (first use in this function)
   huart1.Init.Parity = UART_PARITY_NONE;
                        ^~~~~~~~~~~~~~~~
..\Src\usart.c:39:9: error: request for member 'Init' in something not a structure or union
   huart1.Init.Mode = UART_MODE_TX_RX;
         ^
..\Src\usart.c:39:22: error: 'UART_MODE_TX_RX' undeclared (first use in this function)
   huart1.Init.Mode = UART_MODE_TX_RX;
                      ^~~~~~~~~~~~~~~
..\Src\usart.c:40:9: error: request for member 'Init' in something not a structure or union
   huart1.Init.HwFlowCtl = UART_HWCONTROL_NONE;
         ^
..\Src\usart.c:40:27: error: 'UART_HWCONTROL_NONE' undeclared (first use in this function)
   huart1.Init.HwFlowCtl = UART_HWCONTROL_NONE;
                           ^~~~~~~~~~~~~~~~~~~
..\Src\usart.c:41:9: error: request for member 'Init' in something not a structure or union
   huart1.Init.OverSampling = UART_OVERSAMPLING_16;
         ^
..\Src\usart.c:41:30: error: 'UART_OVERSAMPLING_16' undeclared (first use in this function)
   huart1.Init.OverSampling = UART_OVERSAMPLING_16;
                              ^~~~~~~~~~~~~~~~~~~~
..\Src\usart.c:42:9: error: request for member 'Init' in something not a structure or union
   huart1.Init.OneBitSampling = UART_ONE_BIT_SAMPLE_DISABLE;
         ^
..\Src\usart.c:42:32: error: 'UART_ONE_BIT_SAMPLE_DISABLE' undeclared (first use in this function)
   huart1.Init.OneBitSampling = UART_ONE_BIT_SAMPLE_DISABLE;
                                ^~~~~~~~~~~~~~~~~~~~~~~~~~~
..\Src\usart.c:43:9: error: request for member 'AdvancedInit' in something not a structure or union
   huart1.AdvancedInit.AdvFeatureInit = UART_ADVFEATURE_NO_INIT;
         ^
..\Src\usart.c:43:40: error: 'UART_ADVFEATURE_NO_INIT' undeclared (first use in this function)
   huart1.AdvancedInit.AdvFeatureInit = UART_ADVFEATURE_NO_INIT;
                                        ^~~~~~~~~~~~~~~~~~~~~~~
..\Src\usart.c:44:7: warning: implicit declaration of function 'HAL_UART_Init' [-Wimplicit-function-declaration]
   if (HAL_UART_Init(&huart1) != HAL_OK)
       ^~~~~~~~~~~~~
..\Src\usart.c: At top level:
..\Src\usart.c:51:23: error: unknown type name 'UART_HandleTypeDef'
 void HAL_UART_MspInit(UART_HandleTypeDef* uartHandle)
                       ^~~~~~~~~~~~~~~~~~
..\Src\usart.c:84:25: error: unknown type name 'UART_HandleTypeDef'
 void HAL_UART_MspDeInit(UART_HandleTypeDef* uartHandle)
                         ^~~~~~~~~~~~~~~~~~
11:42:26 **** Incremental Build of configuration Debug for project Manipulator ****
Info: Internal Builder is used for build
arm-atollic-eabi-gcc -c -mthumb -mcpu=cortex-m0 -std=gnu11 -D__weak=__attribute__((weak)) -D__packed=__attribute__((__packed__)) -DUSE_HAL_DRIVER -DSTM32F051x8 -I../Inc -I../Drivers/STM32F0xx_HAL_Driver/Inc -I../Drivers/STM32F0xx_HAL_Driver/Inc/Legacy -I../Drivers/CMSIS/Device/ST/STM32F0xx/Include -I../Drivers/CMSIS/Include -O0 -ffunction-sections -fdata-sections -g -fstack-usage -Wall -specs=nano.specs -o Drivers\STM32F0xx_HAL_Driver\Src\stm32f0xx_hal.o ..\Drivers\STM32F0xx_HAL_Driver\Src\stm32f0xx_hal.c 
arm-atollic-eabi-gcc -c -mthumb -mcpu=cortex-m0 -std=gnu11 -D__weak=__attribute__((weak)) -D__packed=__attribute__((__packed__)) -DUSE_HAL_DRIVER -DSTM32F051x8 -I../Inc -I../Drivers/STM32F0xx_HAL_Driver/Inc -I../Drivers/STM32F0xx_HAL_Driver/Inc/Legacy -I../Drivers/CMSIS/Device/ST/STM32F0xx/Include -I../Drivers/CMSIS/Include -O0 -ffunction-sections -fdata-sections -g -fstack-usage -Wall -specs=nano.specs -o Drivers\STM32F0xx_HAL_Driver\Src\stm32f0xx_hal_rcc.o ..\Drivers\STM32F0xx_HAL_Driver\Src\stm32f0xx_hal_rcc.c 
arm-atollic-eabi-gcc -c -mthumb -mcpu=cortex-m0 -std=gnu11 -D__weak=__attribute__((weak)) -D__packed=__attribute__((__packed__)) -DUSE_HAL_DRIVER -DSTM32F051x8 -I../Inc -I../Drivers/STM32F0xx_HAL_Driver/Inc -I../Drivers/STM32F0xx_HAL_Driver/Inc/Legacy -I../Drivers/CMSIS/Device/ST/STM32F0xx/Include -I../Drivers/CMSIS/Include -O0 -ffunction-sections -fdata-sections -g -fstack-usage -Wall -specs=nano.specs -o Drivers\STM32F0xx_HAL_Driver\Src\stm32f0xx_hal_uart.o ..\Drivers\STM32F0xx_HAL_Driver\Src\stm32f0xx_hal_uart.c 
arm-atollic-eabi-gcc -c -mthumb -mcpu=cortex-m0 -std=gnu11 -D__weak=__attribute__((weak)) -D__packed=__attribute__((__packed__)) -DUSE_HAL_DRIVER -DSTM32F051x8 -I../Inc -I../Drivers/STM32F0xx_HAL_Driver/Inc -I../Drivers/STM32F0xx_HAL_Driver/Inc/Legacy -I../Drivers/CMSIS/Device/ST/STM32F0xx/Include -I../Drivers/CMSIS/Include -O0 -ffunction-sections -fdata-sections -g -fstack-usage -Wall -specs=nano.specs -o Src\syscalls.o ..\Src\syscalls.c 
arm-atollic-eabi-gcc -c -mthumb -mcpu=cortex-m0 -g -Wa,--no-warn -x assembler-with-cpp -specs=nano.specs -o startup\startup_stm32f051x8.o ..\startup\startup_stm32f051x8.s 
arm-atollic-eabi-gcc -c -mthumb -mcpu=cortex-m0 -std=gnu11 -D__weak=__attribute__((weak)) -D__packed=__attribute__((__packed__)) -DUSE_HAL_DRIVER -DSTM32F051x8 -I../Inc -I../Drivers/STM32F0xx_HAL_Driver/Inc -I../Drivers/STM32F0xx_HAL_Driver/Inc/Legacy -I../Drivers/CMSIS/Device/ST/STM32F0xx/Include -I../Drivers/CMSIS/Include -O0 -ffunction-sections -fdata-sections -g -fstack-usage -Wall -specs=nano.specs -o Src\main.o ..\Src\main.c 
..\Src\main.c: In function 'MoveL':
..\Src\main.c:450:35: error: lvalue required as left operand of assignment
  if(Dokladnosc > 20 || Dokladnosc = 0) Dokladanosc = 20;
                                   ^
..\Src\main.c:450:40: error: 'Dokladanosc' undeclared (first use in this function)
  if(Dokladnosc > 20 || Dokladnosc = 0) Dokladanosc = 20;
                                        ^~~~~~~~~~~
..\Src\main.c:450:40: note: each undeclared identifier is reported only once for each function it appears in
..\Src\main.c:453:23: error: 'np' undeclared (first use in this function)
  int16_t OdlegloscX = np.abs(X1-X2);
                       ^~
..\Src\main.c:483:22: warning: implicit declaration of function 'KinematykaOdwrotna' [-Wimplicit-function-declaration]
                      KinematykaOdwrotna(x,y,z);
                      ^~~~~~~~~~~~~~~~~~
11:43:13 **** Incremental Build of configuration Debug for project Manipulator ****
Info: Internal Builder is used for build
arm-atollic-eabi-gcc -c -mthumb -mcpu=cortex-m0 -std=gnu11 -D__weak=__attribute__((weak)) -D__packed=__attribute__((__packed__)) -DUSE_HAL_DRIVER -DSTM32F051x8 -I../Inc -I../Drivers/STM32F0xx_HAL_Driver/Inc -I../Drivers/STM32F0xx_HAL_Driver/Inc/Legacy -I../Drivers/CMSIS/Device/ST/STM32F0xx/Include -I../Drivers/CMSIS/Include -O0 -ffunction-sections -fdata-sections -g -fstack-usage -Wall -specs=nano.specs -o Drivers\STM32F0xx_HAL_Driver\Src\stm32f0xx_hal_flash_ex.o ..\Drivers\STM32F0xx_HAL_Driver\Src\stm32f0xx_hal_flash_ex.c 
arm-atollic-eabi-gcc -c -mthumb -mcpu=cortex-m0 -std=gnu11 -D__weak=__attribute__((weak)) -D__packed=__attribute__((__packed__)) -DUSE_HAL_DRIVER -DSTM32F051x8 -I../Inc -I../Drivers/STM32F0xx_HAL_Driver/Inc -I../Drivers/STM32F0xx_HAL_Driver/Inc/Legacy -I../Drivers/CMSIS/Device/ST/STM32F0xx/Include -I../Drivers/CMSIS/Include -O0 -ffunction-sections -fdata-sections -g -fstack-usage -Wall -specs=nano.specs -o Drivers\STM32F0xx_HAL_Driver\Src\stm32f0xx_hal_i2c.o ..\Drivers\STM32F0xx_HAL_Driver\Src\stm32f0xx_hal_i2c.c 
arm-atollic-eabi-gcc -c -mthumb -mcpu=cortex-m0 -std=gnu11 -D__weak=__attribute__((weak)) -D__packed=__attribute__((__packed__)) -DUSE_HAL_DRIVER -DSTM32F051x8 -I../Inc -I../Drivers/STM32F0xx_HAL_Driver/Inc -I../Drivers/STM32F0xx_HAL_Driver/Inc/Legacy -I../Drivers/CMSIS/Device/ST/STM32F0xx/Include -I../Drivers/CMSIS/Include -O0 -ffunction-sections -fdata-sections -g -fstack-usage -Wall -specs=nano.specs -o Src\main.o ..\Src\main.c 
..\Src\main.c: In function 'MoveL':
..\Src\main.c:450:35: error: lvalue required as left operand of assignment
  if(Dokladnosc > 20 || Dokladnosc = 0) Dokladnosc = 20;
                                   ^
..\Src\main.c:453:23: warning: implicit declaration of function 'abs' [-Wimplicit-function-declaration]
  int16_t OdlegloscX = abs(X1-X2);
                       ^~~
..\Src\main.c:483:22: warning: implicit declaration of function 'KinematykaOdwrotna' [-Wimplicit-function-declaration]
                      KinematykaOdwrotna(x,y,z);
                      ^~~~~~~~~~~~~~~~~~
..\Src\main.c:496:11: error: 'np' undeclared (first use in this function)
       x = np.floor(x - Podzial);
           ^~
..\Src\main.c:496:11: note: each undeclared identifier is reported only once for each function it appears in
11:43:47 **** Incremental Build of configuration Debug for project Manipulator ****
Info: Internal Builder is used for build
arm-atollic-eabi-gcc -c -mthumb -mcpu=cortex-m0 -std=gnu11 -D__weak=__attribute__((weak)) -D__packed=__attribute__((__packed__)) -DUSE_HAL_DRIVER -DSTM32F051x8 -I../Inc -I../Drivers/STM32F0xx_HAL_Driver/Inc -I../Drivers/STM32F0xx_HAL_Driver/Inc/Legacy -I../Drivers/CMSIS/Device/ST/STM32F0xx/Include -I../Drivers/CMSIS/Include -O0 -ffunction-sections -fdata-sections -g -fstack-usage -Wall -specs=nano.specs -o Src\main.o ..\Src\main.c 
..\Src\main.c: In function 'MoveL':
..\Src\main.c:450:35: error: lvalue required as left operand of assignment
  if(Dokladnosc > 20 || Dokladnosc = 0) Dokladnosc = 20;
                                   ^
..\Src\main.c:453:23: warning: implicit declaration of function 'abs' [-Wimplicit-function-declaration]
  int16_t OdlegloscX = abs(X1-X2);
                       ^~~
..\Src\main.c:483:22: warning: implicit declaration of function 'KinematykaOdwrotna' [-Wimplicit-function-declaration]
                      KinematykaOdwrotna(x,y,z);
                      ^~~~~~~~~~~~~~~~~~
..\Src\main.c:569:11: error: 'np' undeclared (first use in this function)
       y = np.floor(y - Podzial);
           ^~
..\Src\main.c:569:11: note: each undeclared identifier is reported only once for each function it appears in
11:43:53 **** Incremental Build of configuration Debug for project Manipulator ****
Info: Internal Builder is used for build
arm-atollic-eabi-gcc -c -mthumb -mcpu=cortex-m0 -std=gnu11 -D__weak=__attribute__((weak)) -D__packed=__attribute__((__packed__)) -DUSE_HAL_DRIVER -DSTM32F051x8 -I../Inc -I../Drivers/STM32F0xx_HAL_Driver/Inc -I../Drivers/STM32F0xx_HAL_Driver/Inc/Legacy -I../Drivers/CMSIS/Device/ST/STM32F0xx/Include -I../Drivers/CMSIS/Include -O0 -ffunction-sections -fdata-sections -g -fstack-usage -Wall -specs=nano.specs -o Src\main.o ..\Src\main.c 
..\Src\main.c: In function 'MoveL':
..\Src\main.c:450:35: error: lvalue required as left operand of assignment
  if(Dokladnosc > 20 || Dokladnosc = 0) Dokladnosc = 20;
                                   ^
..\Src\main.c:453:23: warning: implicit declaration of function 'abs' [-Wimplicit-function-declaration]
  int16_t OdlegloscX = abs(X1-X2);
                       ^~~
..\Src\main.c:483:22: warning: implicit declaration of function 'KinematykaOdwrotna' [-Wimplicit-function-declaration]
                      KinematykaOdwrotna(x,y,z);
                      ^~~~~~~~~~~~~~~~~~
..\Src\main.c:569:11: error: 'np' undeclared (first use in this function)
       y = np.floor(y - Podzial);
           ^~
..\Src\main.c:569:11: note: each undeclared identifier is reported only once for each function it appears in
11:44:21 **** Incremental Build of configuration Debug for project Manipulator ****
Info: Internal Builder is used for build
arm-atollic-eabi-gcc -c -mthumb -mcpu=cortex-m0 -std=gnu11 -D__weak=__attribute__((weak)) -D__packed=__attribute__((__packed__)) -DUSE_HAL_DRIVER -DSTM32F051x8 -I../Inc -I../Drivers/STM32F0xx_HAL_Driver/Inc -I../Drivers/STM32F0xx_HAL_Driver/Inc/Legacy -I../Drivers/CMSIS/Device/ST/STM32F0xx/Include -I../Drivers/CMSIS/Include -O0 -ffunction-sections -fdata-sections -g -fstack-usage -Wall -specs=nano.specs -o Src\main.o ..\Src\main.c 
..\Src\main.c: In function 'MoveL':
..\Src\main.c:450:35: error: lvalue required as left operand of assignment
  if(Dokladnosc > 20 || Dokladnosc = 0) Dokladnosc = 20;
                                   ^
..\Src\main.c:453:23: warning: implicit declaration of function 'abs' [-Wimplicit-function-declaration]
  int16_t OdlegloscX = abs(X1-X2);
                       ^~~
..\Src\main.c:483:22: warning: implicit declaration of function 'KinematykaOdwrotna' [-Wimplicit-function-declaration]
                      KinematykaOdwrotna(x,y,z);
                      ^~~~~~~~~~~~~~~~~~
..\Src\main.c:703:11: error: 'np' undeclared (first use in this function)
       z = np.floor(z - Podzial);
           ^~
..\Src\main.c:703:11: note: each undeclared identifier is reported only once for each function it appears in
11:44:31 **** Incremental Build of configuration Debug for project Manipulator ****
Info: Internal Builder is used for build
arm-atollic-eabi-gcc -c -mthumb -mcpu=cortex-m0 -std=gnu11 -D__weak=__attribute__((weak)) -D__packed=__attribute__((__packed__)) -DUSE_HAL_DRIVER -DSTM32F051x8 -I../Inc -I../Drivers/STM32F0xx_HAL_Driver/Inc -I../Drivers/STM32F0xx_HAL_Driver/Inc/Legacy -I../Drivers/CMSIS/Device/ST/STM32F0xx/Include -I../Drivers/CMSIS/Include -O0 -ffunction-sections -fdata-sections -g -fstack-usage -Wall -specs=nano.specs -o Src\main.o ..\Src\main.c 
..\Src\main.c: In function 'MoveL':
..\Src\main.c:450:35: error: lvalue required as left operand of assignment
  if(Dokladnosc > 20 || Dokladnosc = 0) Dokladnosc = 20;
                                   ^
..\Src\main.c:453:23: warning: implicit declaration of function 'abs' [-Wimplicit-function-declaration]
  int16_t OdlegloscX = abs(X1-X2);
                       ^~~
..\Src\main.c:483:22: warning: implicit declaration of function 'KinematykaOdwrotna' [-Wimplicit-function-declaration]
                      KinematykaOdwrotna(x,y,z);
                      ^~~~~~~~~~~~~~~~~~
..\Src\main.c:705:11: error: 'np' undeclared (first use in this function)
       z = np.floor(z + Podzial);
           ^~
..\Src\main.c:705:11: note: each undeclared identifier is reported only once for each function it appears in
11:44:36 **** Incremental Build of configuration Debug for project Manipulator ****
Info: Internal Builder is used for build
arm-atollic-eabi-gcc -c -mthumb -mcpu=cortex-m0 -std=gnu11 -D__weak=__attribute__((weak)) -D__packed=__attribute__((__packed__)) -DUSE_HAL_DRIVER -DSTM32F051x8 -I../Inc -I../Drivers/STM32F0xx_HAL_Driver/Inc -I../Drivers/STM32F0xx_HAL_Driver/Inc/Legacy -I../Drivers/CMSIS/Device/ST/STM32F0xx/Include -I../Drivers/CMSIS/Include -O0 -ffunction-sections -fdata-sections -g -fstack-usage -Wall -specs=nano.specs -o Src\usart.o ..\Src\usart.c 
In file included from ..\Src\usart.c:21:0:
../Inc/usart.h:33:8: error: unknown type name 'UART_HandleTypeDef'
 extern UART_HandleTypeDef huart1;
        ^~~~~~~~~~~~~~~~~~
..\Src\usart.c:27:1: error: unknown type name 'UART_HandleTypeDef'
 UART_HandleTypeDef huart1;
 ^~~~~~~~~~~~~~~~~~
..\Src\usart.c: In function 'MX_USART1_UART_Init':
..\Src\usart.c:34:9: error: request for member 'Instance' in something not a structure or union
   huart1.Instance = USART1;
         ^
..\Src\usart.c:35:9: error: request for member 'Init' in something not a structure or union
   huart1.Init.BaudRate = 9600;
         ^
..\Src\usart.c:36:9: error: request for member 'Init' in something not a structure or union
   huart1.Init.WordLength = UART_WORDLENGTH_8B;
         ^
..\Src\usart.c:36:28: error: 'UART_WORDLENGTH_8B' undeclared (first use in this function)
   huart1.Init.WordLength = UART_WORDLENGTH_8B;
                            ^~~~~~~~~~~~~~~~~~
..\Src\usart.c:36:28: note: each undeclared identifier is reported only once for each function it appears in
..\Src\usart.c:37:9: error: request for member 'Init' in something not a structure or union
   huart1.Init.StopBits = UART_STOPBITS_1;
         ^
..\Src\usart.c:37:26: error: 'UART_STOPBITS_1' undeclared (first use in this function)
   huart1.Init.StopBits = UART_STOPBITS_1;
                          ^~~~~~~~~~~~~~~
..\Src\usart.c:38:9: error: request for member 'Init' in something not a structure or union
   huart1.Init.Parity = UART_PARITY_NONE;
         ^
..\Src\usart.c:38:24: error: 'UART_PARITY_NONE' undeclared (first use in this function)
   huart1.Init.Parity = UART_PARITY_NONE;
                        ^~~~~~~~~~~~~~~~
..\Src\usart.c:39:9: error: request for member 'Init' in something not a structure or union
   huart1.Init.Mode = UART_MODE_TX_RX;
         ^
..\Src\usart.c:39:22: error: 'UART_MODE_TX_RX' undeclared (first use in this function)
   huart1.Init.Mode = UART_MODE_TX_RX;
                      ^~~~~~~~~~~~~~~
..\Src\usart.c:40:9: error: request for member 'Init' in something not a structure or union
   huart1.Init.HwFlowCtl = UART_HWCONTROL_NONE;
         ^
..\Src\usart.c:40:27: error: 'UART_HWCONTROL_NONE' undeclared (first use in this function)
   huart1.Init.HwFlowCtl = UART_HWCONTROL_NONE;
                           ^~~~~~~~~~~~~~~~~~~
..\Src\usart.c:41:9: error: request for member 'Init' in something not a structure or union
   huart1.Init.OverSampling = UART_OVERSAMPLING_16;
         ^
..\Src\usart.c:41:30: error: 'UART_OVERSAMPLING_16' undeclared (first use in this function)
   huart1.Init.OverSampling = UART_OVERSAMPLING_16;
                              ^~~~~~~~~~~~~~~~~~~~
..\Src\usart.c:42:9: error: request for member 'Init' in something not a structure or union
   huart1.Init.OneBitSampling = UART_ONE_BIT_SAMPLE_DISABLE;
         ^
..\Src\usart.c:42:32: error: 'UART_ONE_BIT_SAMPLE_DISABLE' undeclared (first use in this function)
   huart1.Init.OneBitSampling = UART_ONE_BIT_SAMPLE_DISABLE;
                                ^~~~~~~~~~~~~~~~~~~~~~~~~~~
..\Src\usart.c:43:9: error: request for member 'AdvancedInit' in something not a structure or union
   huart1.AdvancedInit.AdvFeatureInit = UART_ADVFEATURE_NO_INIT;
         ^
..\Src\usart.c:43:40: error: 'UART_ADVFEATURE_NO_INIT' undeclared (first use in this function)
   huart1.AdvancedInit.AdvFeatureInit = UART_ADVFEATURE_NO_INIT;
                                        ^~~~~~~~~~~~~~~~~~~~~~~
..\Src\usart.c:44:7: warning: implicit declaration of function 'HAL_UART_Init' [-Wimplicit-function-declaration]
   if (HAL_UART_Init(&huart1) != HAL_OK)
       ^~~~~~~~~~~~~
..\Src\usart.c: At top level:
..\Src\usart.c:51:23: error: unknown type name 'UART_HandleTypeDef'
 void HAL_UART_MspInit(UART_HandleTypeDef* uartHandle)
                       ^~~~~~~~~~~~~~~~~~
..\Src\usart.c:84:25: error: unknown type name 'UART_HandleTypeDef'
 void HAL_UART_MspDeInit(UART_HandleTypeDef* uartHandle)
                         ^~~~~~~~~~~~~~~~~~
11:45:28 **** Incremental Build of configuration Debug for project Manipulator ****
Info: Internal Builder is used for build
arm-atollic-eabi-gcc -c -mthumb -mcpu=cortex-m0 -std=gnu11 -D__weak=__attribute__((weak)) -D__packed=__attribute__((__packed__)) -DUSE_HAL_DRIVER -DSTM32F051x8 -I../Inc -I../Drivers/STM32F0xx_HAL_Driver/Inc -I../Drivers/STM32F0xx_HAL_Driver/Inc/Legacy -I../Drivers/CMSIS/Device/ST/STM32F0xx/Include -I../Drivers/CMSIS/Include -O0 -ffunction-sections -fdata-sections -g -fstack-usage -Wall -specs=nano.specs -o Src\usart.o ..\Src\usart.c 
In file included from ..\Src\usart.c:21:0:
../Inc/usart.h:33:8: error: unknown type name 'UART_HandleTypeDef'
 extern UART_HandleTypeDef huart1;
        ^~~~~~~~~~~~~~~~~~
..\Src\usart.c:27:1: error: unknown type name 'UART_HandleTypeDef'
 UART_HandleTypeDef huart1;
 ^~~~~~~~~~~~~~~~~~
..\Src\usart.c: In function 'MX_USART1_UART_Init':
..\Src\usart.c:34:9: error: request for member 'Instance' in something not a structure or union
   huart1.Instance = USART1;
         ^
..\Src\usart.c:35:9: error: request for member 'Init' in something not a structure or union
   huart1.Init.BaudRate = 9600;
         ^
..\Src\usart.c:36:9: error: request for member 'Init' in something not a structure or union
   huart1.Init.WordLength = UART_WORDLENGTH_8B;
         ^
..\Src\usart.c:36:28: error: 'UART_WORDLENGTH_8B' undeclared (first use in this function)
   huart1.Init.WordLength = UART_WORDLENGTH_8B;
                            ^~~~~~~~~~~~~~~~~~
..\Src\usart.c:36:28: note: each undeclared identifier is reported only once for each function it appears in
..\Src\usart.c:37:9: error: request for member 'Init' in something not a structure or union
   huart1.Init.StopBits = UART_STOPBITS_1;
         ^
..\Src\usart.c:37:26: error: 'UART_STOPBITS_1' undeclared (first use in this function)
   huart1.Init.StopBits = UART_STOPBITS_1;
                          ^~~~~~~~~~~~~~~
..\Src\usart.c:38:9: error: request for member 'Init' in something not a structure or union
   huart1.Init.Parity = UART_PARITY_NONE;
         ^
..\Src\usart.c:38:24: error: 'UART_PARITY_NONE' undeclared (first use in this function)
   huart1.Init.Parity = UART_PARITY_NONE;
                        ^~~~~~~~~~~~~~~~
..\Src\usart.c:39:9: error: request for member 'Init' in something not a structure or union
   huart1.Init.Mode = UART_MODE_TX_RX;
         ^
..\Src\usart.c:39:22: error: 'UART_MODE_TX_RX' undeclared (first use in this function)
   huart1.Init.Mode = UART_MODE_TX_RX;
                      ^~~~~~~~~~~~~~~
..\Src\usart.c:40:9: error: request for member 'Init' in something not a structure or union
   huart1.Init.HwFlowCtl = UART_HWCONTROL_NONE;
         ^
..\Src\usart.c:40:27: error: 'UART_HWCONTROL_NONE' undeclared (first use in this function)
   huart1.Init.HwFlowCtl = UART_HWCONTROL_NONE;
                           ^~~~~~~~~~~~~~~~~~~
..\Src\usart.c:41:9: error: request for member 'Init' in something not a structure or union
   huart1.Init.OverSampling = UART_OVERSAMPLING_16;
         ^
..\Src\usart.c:41:30: error: 'UART_OVERSAMPLING_16' undeclared (first use in this function)
   huart1.Init.OverSampling = UART_OVERSAMPLING_16;
                              ^~~~~~~~~~~~~~~~~~~~
..\Src\usart.c:42:9: error: request for member 'Init' in something not a structure or union
   huart1.Init.OneBitSampling = UART_ONE_BIT_SAMPLE_DISABLE;
         ^
..\Src\usart.c:42:32: error: 'UART_ONE_BIT_SAMPLE_DISABLE' undeclared (first use in this function)
   huart1.Init.OneBitSampling = UART_ONE_BIT_SAMPLE_DISABLE;
                                ^~~~~~~~~~~~~~~~~~~~~~~~~~~
..\Src\usart.c:43:9: error: request for member 'AdvancedInit' in something not a structure or union
   huart1.AdvancedInit.AdvFeatureInit = UART_ADVFEATURE_NO_INIT;
         ^
..\Src\usart.c:43:40: error: 'UART_ADVFEATURE_NO_INIT' undeclared (first use in this function)
   huart1.AdvancedInit.AdvFeatureInit = UART_ADVFEATURE_NO_INIT;
                                        ^~~~~~~~~~~~~~~~~~~~~~~
..\Src\usart.c:44:7: warning: implicit declaration of function 'HAL_UART_Init' [-Wimplicit-function-declaration]
   if (HAL_UART_Init(&huart1) != HAL_OK)
       ^~~~~~~~~~~~~
..\Src\usart.c: At top level:
..\Src\usart.c:51:23: error: unknown type name 'UART_HandleTypeDef'
 void HAL_UART_MspInit(UART_HandleTypeDef* uartHandle)
                       ^~~~~~~~~~~~~~~~~~
..\Src\usart.c:84:25: error: unknown type name 'UART_HandleTypeDef'
 void HAL_UART_MspDeInit(UART_HandleTypeDef* uartHandle)
                         ^~~~~~~~~~~~~~~~~~
